{
  "stats": {
    "suites": 3,
    "tests": 4,
    "passes": 4,
    "pending": 0,
    "failures": 0,
    "start": "2021-07-04T13:17:54.693Z",
    "end": "2021-07-04T13:18:48.170Z",
    "duration": 53477,
    "testsRegistered": 4,
    "passPercent": 100,
    "pendingPercent": 0,
    "other": 0,
    "hasOther": false,
    "skipped": 0,
    "hasSkipped": false
  },
  "results": [
    {
      "uuid": "2107fb30-9f45-44bc-8103-a7cc78ea77f5",
      "title": "",
      "fullFile": "",
      "file": "",
      "beforeHooks": [],
      "afterHooks": [],
      "tests": [],
      "suites": [
        {
          "uuid": "480e0b0b-88fc-4904-84bb-5b3b7c3485d3",
          "title": "Login",
          "fullFile": "",
          "file": "",
          "beforeHooks": [
            {
              "title": "\"before all\" hook: codeceptjs.beforeSuite in \"Login\"",
              "fullTitle": "Login \"before all\" hook: codeceptjs.beforeSuite in \"Login\"",
              "timedOut": false,
              "duration": 1,
              "state": null,
              "speed": null,
              "pass": false,
              "fail": false,
              "pending": false,
              "context": null,
              "code": "scenario.suiteSetup(suite)",
              "err": {},
              "uuid": "b588f44d-d847-4961-8df1-038d3f844632",
              "parentUUID": "480e0b0b-88fc-4904-84bb-5b3b7c3485d3",
              "isHook": true,
              "skipped": false
            },
            {
              "title": "\"before each\" hook: codeceptjs.before in \"Login\"",
              "fullTitle": "Login \"before each\" hook: codeceptjs.before in \"Login\"",
              "timedOut": false,
              "duration": 11085,
              "state": null,
              "speed": null,
              "pass": false,
              "fail": false,
              "pending": false,
              "context": null,
              "code": "scenario.setup(suite)",
              "err": {},
              "uuid": "ae441e81-3141-4ea5-9a88-199a0b13fb20",
              "parentUUID": "480e0b0b-88fc-4904-84bb-5b3b7c3485d3",
              "isHook": true,
              "skipped": false
            }
          ],
          "afterHooks": [
            {
              "title": "\"after all\" hook: codeceptjs.afterSuite in \"Login\"",
              "fullTitle": "Login \"after all\" hook: codeceptjs.afterSuite in \"Login\"",
              "timedOut": false,
              "duration": 0,
              "state": null,
              "speed": null,
              "pass": false,
              "fail": false,
              "pending": false,
              "context": null,
              "code": "scenario.suiteTeardown(suite)",
              "err": {},
              "uuid": "f69e0e3f-8baf-4885-961a-f4102bd9ce01",
              "parentUUID": "480e0b0b-88fc-4904-84bb-5b3b7c3485d3",
              "isHook": true,
              "skipped": false
            },
            {
              "title": "\"after each\" hook: codeceptjs.after in \"Login\"",
              "fullTitle": "Login \"after each\" hook: codeceptjs.after in \"Login\"",
              "timedOut": false,
              "duration": 169,
              "state": null,
              "speed": null,
              "pass": false,
              "fail": false,
              "pending": false,
              "context": null,
              "code": "scenario.teardown(suite)",
              "err": {},
              "uuid": "6ffa4dc7-04ac-44ef-b471-c453df62b038",
              "parentUUID": "480e0b0b-88fc-4904-84bb-5b3b7c3485d3",
              "isHook": true,
              "skipped": false
            }
          ],
          "tests": [
            {
              "title": "Login with success",
              "fullTitle": "Login Login with success",
              "timedOut": false,
              "duration": 5225,
              "state": "passed",
              "speed": "slow",
              "pass": true,
              "fail": false,
              "pending": false,
              "context": null,
              "code": "runSteps(child.steps)",
              "err": {},
              "uuid": "621dec0a-43a5-4fd9-8155-0a897b50f37c",
              "parentUUID": "480e0b0b-88fc-4904-84bb-5b3b7c3485d3",
              "isHook": false,
              "skipped": false
            }
          ],
          "suites": [],
          "passes": [
            "621dec0a-43a5-4fd9-8155-0a897b50f37c"
          ],
          "failures": [],
          "pending": [],
          "skipped": [],
          "duration": 5225,
          "root": false,
          "rootEmpty": false,
          "_timeout": 0
        },
        {
          "uuid": "396cd9d9-2f69-4675-8def-24f1f030c46f",
          "title": "login",
          "fullFile": "/Users/anaprado/Desktop/app_automation/steps/login_test.js",
          "file": "/steps/login_test.js",
          "beforeHooks": [
            {
              "title": "\"before all\" hook: codeceptjs.beforeSuite in \"login\"",
              "fullTitle": "login \"before all\" hook: codeceptjs.beforeSuite in \"login\"",
              "timedOut": false,
              "duration": 0,
              "state": null,
              "speed": null,
              "pass": false,
              "fail": false,
              "pending": false,
              "context": null,
              "code": "scenario.suiteSetup(suite)",
              "err": {},
              "uuid": "435bf98c-6862-4abc-a1e1-1f282a657e61",
              "parentUUID": "396cd9d9-2f69-4675-8def-24f1f030c46f",
              "isHook": true,
              "skipped": false
            },
            {
              "title": "\"before all\" hook: BeforeSuite in \"login\"",
              "fullTitle": "login \"before all\" hook: BeforeSuite in \"login\"",
              "timedOut": false,
              "duration": 1,
              "state": null,
              "speed": null,
              "pass": false,
              "fail": false,
              "pending": false,
              "context": null,
              "code": "console.log('BeforeSuite')",
              "err": {},
              "uuid": "c3f8b783-0853-405f-b8c3-dcb6884fcbfc",
              "parentUUID": "396cd9d9-2f69-4675-8def-24f1f030c46f",
              "isHook": true,
              "skipped": false
            },
            {
              "title": "\"before each\" hook: codeceptjs.before in \"login\"",
              "fullTitle": "login \"before each\" hook: codeceptjs.before in \"login\"",
              "timedOut": false,
              "duration": 5855,
              "state": null,
              "speed": null,
              "pass": false,
              "fail": false,
              "pending": false,
              "context": null,
              "code": "scenario.setup(suite)",
              "err": {},
              "uuid": "b2493b76-b7f4-49cf-89fa-94bcf67f4f35",
              "parentUUID": "396cd9d9-2f69-4675-8def-24f1f030c46f",
              "isHook": true,
              "skipped": false
            },
            {
              "title": "\"before each\" hook: Before in \"login\"",
              "fullTitle": "login \"before each\" hook: Before in \"login\"",
              "timedOut": false,
              "duration": 0,
              "state": null,
              "speed": null,
              "pass": false,
              "fail": false,
              "pending": false,
              "context": null,
              "code": "console.log('Before')",
              "err": {},
              "uuid": "c7c4ca09-7071-4597-884d-c50e3f8d4ecd",
              "parentUUID": "396cd9d9-2f69-4675-8def-24f1f030c46f",
              "isHook": true,
              "skipped": false
            }
          ],
          "afterHooks": [
            {
              "title": "\"after all\" hook: AfterSuite in \"login\"",
              "fullTitle": "login \"after all\" hook: AfterSuite in \"login\"",
              "timedOut": false,
              "duration": 1,
              "state": null,
              "speed": null,
              "pass": false,
              "fail": false,
              "pending": false,
              "context": null,
              "code": "console.log('AfterSuite')",
              "err": {},
              "uuid": "1f2e3ca8-179c-483a-9851-abe4ec40f858",
              "parentUUID": "396cd9d9-2f69-4675-8def-24f1f030c46f",
              "isHook": true,
              "skipped": false
            },
            {
              "title": "\"after all\" hook: codeceptjs.afterSuite in \"login\"",
              "fullTitle": "login \"after all\" hook: codeceptjs.afterSuite in \"login\"",
              "timedOut": false,
              "duration": 0,
              "state": null,
              "speed": null,
              "pass": false,
              "fail": false,
              "pending": false,
              "context": null,
              "code": "scenario.suiteTeardown(suite)",
              "err": {},
              "uuid": "448535d1-ab57-4eb5-8932-04c9d414194b",
              "parentUUID": "396cd9d9-2f69-4675-8def-24f1f030c46f",
              "isHook": true,
              "skipped": false
            },
            {
              "title": "\"after each\" hook: After in \"login\"",
              "fullTitle": "login \"after each\" hook: After in \"login\"",
              "timedOut": false,
              "duration": 0,
              "state": null,
              "speed": null,
              "pass": false,
              "fail": false,
              "pending": false,
              "context": null,
              "code": "console.log('After')",
              "err": {},
              "uuid": "3c1f5094-89b4-4424-a6d6-531bf16d6ffe",
              "parentUUID": "396cd9d9-2f69-4675-8def-24f1f030c46f",
              "isHook": true,
              "skipped": false
            },
            {
              "title": "\"after each\" hook: finalize codeceptjs in \"login\"",
              "fullTitle": "login \"after each\" hook: finalize codeceptjs in \"login\"",
              "timedOut": false,
              "duration": 176,
              "state": null,
              "speed": null,
              "pass": false,
              "fail": false,
              "pending": false,
              "context": null,
              "code": "scenario.teardown(suite)",
              "err": {},
              "uuid": "6c798a4c-afd7-4351-9066-58746770603b",
              "parentUUID": "396cd9d9-2f69-4675-8def-24f1f030c46f",
              "isHook": true,
              "skipped": false
            }
          ],
          "tests": [
            {
              "title": "Login with success",
              "fullTitle": "login: Login with success",
              "timedOut": false,
              "duration": 5255,
              "state": "passed",
              "speed": "slow",
              "pass": true,
              "fail": false,
              "pending": false,
              "context": null,
              "code": "home_page}) => {\n    I.runOnIOS(()=> {\n        console.log('Estou no IOS!')\n    });\n    I.runOnAndroid(()=> {\n        console.log('Estou no Android!')\n    });\n    login_page.doLogin('teste@teste.com', '123456')\n    home_page.checkLoginSuccess()",
              "err": {},
              "uuid": "f23176f3-e3f5-48cd-a1a9-3eb1edac42a5",
              "parentUUID": "396cd9d9-2f69-4675-8def-24f1f030c46f",
              "isHook": false,
              "skipped": false
            },
            {
              "title": "Login with error",
              "fullTitle": "login: Login with error",
              "timedOut": false,
              "duration": 5071,
              "state": "passed",
              "speed": "slow",
              "pass": true,
              "fail": false,
              "pending": false,
              "context": null,
              "code": "login_page}) => {\n    login_page.doLogin('eteste@teste.com', '123456')\n    login_page.checkLoginError()",
              "err": {},
              "uuid": "789330e1-39b3-477a-9509-990db23444a3",
              "parentUUID": "396cd9d9-2f69-4675-8def-24f1f030c46f",
              "isHook": false,
              "skipped": false
            }
          ],
          "suites": [],
          "passes": [
            "f23176f3-e3f5-48cd-a1a9-3eb1edac42a5",
            "789330e1-39b3-477a-9509-990db23444a3"
          ],
          "failures": [],
          "pending": [],
          "skipped": [],
          "duration": 10326,
          "root": false,
          "rootEmpty": false,
          "_timeout": 0
        },
        {
          "uuid": "55193c30-c664-4473-a7cc-aae43933b603",
          "title": "Students",
          "fullFile": "/Users/anaprado/Desktop/app_automation/steps/students_test.js",
          "file": "/steps/students_test.js",
          "beforeHooks": [
            {
              "title": "\"before all\" hook: codeceptjs.beforeSuite in \"Students\"",
              "fullTitle": "Students \"before all\" hook: codeceptjs.beforeSuite in \"Students\"",
              "timedOut": false,
              "duration": 0,
              "state": null,
              "speed": null,
              "pass": false,
              "fail": false,
              "pending": false,
              "context": null,
              "code": "scenario.suiteSetup(suite)",
              "err": {},
              "uuid": "05f0fc2c-1d74-44e8-b9ae-6226fb508c2f",
              "parentUUID": "55193c30-c664-4473-a7cc-aae43933b603",
              "isHook": true,
              "skipped": false
            },
            {
              "title": "\"before each\" hook: codeceptjs.before in \"Students\"",
              "fullTitle": "Students \"before each\" hook: codeceptjs.before in \"Students\"",
              "timedOut": false,
              "duration": 5822,
              "state": null,
              "speed": null,
              "pass": false,
              "fail": false,
              "pending": false,
              "context": null,
              "code": "scenario.setup(suite)",
              "err": {},
              "uuid": "896a4cc1-303d-4397-9250-09499c2fb981",
              "parentUUID": "55193c30-c664-4473-a7cc-aae43933b603",
              "isHook": true,
              "skipped": false
            }
          ],
          "afterHooks": [
            {
              "title": "\"after all\" hook: codeceptjs.afterSuite in \"Students\"",
              "fullTitle": "Students \"after all\" hook: codeceptjs.afterSuite in \"Students\"",
              "timedOut": false,
              "duration": 0,
              "state": null,
              "speed": null,
              "pass": false,
              "fail": false,
              "pending": false,
              "context": null,
              "code": "scenario.suiteTeardown(suite)",
              "err": {},
              "uuid": "c9b94b68-0431-4425-81d5-5075d8af951e",
              "parentUUID": "55193c30-c664-4473-a7cc-aae43933b603",
              "isHook": true,
              "skipped": false
            },
            {
              "title": "\"after each\" hook: finalize codeceptjs in \"Students\"",
              "fullTitle": "Students \"after each\" hook: finalize codeceptjs in \"Students\"",
              "timedOut": false,
              "duration": 160,
              "state": null,
              "speed": null,
              "pass": false,
              "fail": false,
              "pending": false,
              "context": null,
              "code": "scenario.teardown(suite)",
              "err": {},
              "uuid": "7a4ec343-0bd5-465b-a00a-d296c2cd1abd",
              "parentUUID": "55193c30-c664-4473-a7cc-aae43933b603",
              "isHook": true,
              "skipped": false
            }
          ],
          "tests": [
            {
              "title": "Add student with success",
              "fullTitle": "Students: Add student with success",
              "timedOut": false,
              "duration": 8517,
              "state": "passed",
              "speed": "slow",
              "pass": true,
              "fail": false,
              "pending": false,
              "context": null,
              "code": "I, login_page, home_page }) => {\n \n    const code = require('../utils/code')\n    const name = require('../utils/name')\n    const myCode = code.getCode()\n    const myName = name.getName()\n    login_page.doLogin('teste@teste.com', '123456')\n    home_page.registerStudent(myCode, myName)\n    home_page.searchStudent(myName, myCode)",
              "err": {},
              "uuid": "4b36f453-632e-4379-b2f8-a7e421791e7c",
              "parentUUID": "55193c30-c664-4473-a7cc-aae43933b603",
              "isHook": false,
              "skipped": false
            }
          ],
          "suites": [],
          "passes": [
            "4b36f453-632e-4379-b2f8-a7e421791e7c"
          ],
          "failures": [],
          "pending": [],
          "skipped": [],
          "duration": 8517,
          "root": false,
          "rootEmpty": false,
          "_timeout": 0
        }
      ],
      "passes": [],
      "failures": [],
      "pending": [],
      "skipped": [],
      "duration": 0,
      "root": true,
      "rootEmpty": true,
      "_timeout": 0
    }
  ],
  "meta": {
    "mocha": {
      "version": "9.0.2"
    },
    "mochawesome": {
      "options": {
        "quiet": false,
        "reportFilename": "mochawesome",
        "saveHtml": true,
        "saveJson": true,
        "consoleReporter": "spec",
        "useInlineDiffs": false,
        "code": true
      },
      "version": "6.2.2"
    },
    "marge": {
      "options": {},
      "version": "5.2.0"
    }
  }
}